2026-03-11 03:16:35.838 | INFO     | humanization.core:move_to:200 - Starting move_to
2026-03-11 03:16:35.838 | WARNING  | humanization.core:get_box:127 - Skipping visibility check for locator type: <class 'unittest.mock.MagicMock'>
2026-03-11 03:16:35.958 | INFO     | humanization.core:move_to:200 - Starting move_to
2026-03-11 03:16:35.958 | WARNING  | humanization.core:get_box:127 - Skipping visibility check for locator type: <class 'unittest.mock.MagicMock'>
2026-03-11 03:16:36.228 | WARNING  | humanization.core:type_at:265 - Skipping focus check for locator type: <class 'unittest.mock.MagicMock'>
2026-03-11 03:16:36.642 | INFO     | humanization.core:undetected_launch:102 - Using proxy: http://proxy:8080
2026-03-11 03:16:36.642 | INFO     | humanization.core:undetected_launch:104 - Using user agent: TestUA/1.0...
2026-03-11 03:16:36.648 | INFO     | humanization.core:undetected_launch:104 - Using user agent: RandomUA/1.0...
2026-03-11 03:16:36.653 | INFO     | humanization.core:undetected_launch:104 - Using user agent: TestUA/1.0...
2026-03-11 03:16:36.660 | INFO     | humanization.user_agents:reset:80 - Reset user agent pool to defaults
2026-03-11 03:16:36.660 | DEBUG    | humanization.user_agents:get_random:43 - Selected random user agent: Mozilla/5.0 (X11; Linux x86_64; rv:133.0) Gecko/20100101 Fir...
2026-03-11 03:16:36.661 | INFO     | humanization.user_agents:reset:80 - Reset user agent pool to defaults
2026-03-11 03:16:36.661 | INFO     | humanization.user_agents:reset:80 - Reset user agent pool to defaults
2026-03-11 03:16:36.661 | INFO     | humanization.user_agents:clear:73 - Cleared user agent pool
2026-03-11 03:16:36.661 | INFO     | humanization.user_agents:reset:80 - Reset user agent pool to defaults
2026-03-11 03:16:36.662 | INFO     | humanization.user_agents:reset:80 - Reset user agent pool to defaults
2026-03-11 03:16:36.662 | INFO     | humanization.user_agents:reset:80 - Reset user agent pool to defaults
2026-03-11 03:16:36.662 | INFO     | humanization.user_agents:reset:80 - Reset user agent pool to defaults
2026-03-11 03:16:36.662 | INFO     | humanization.user_agents:clear:73 - Cleared user agent pool
2026-03-11 03:16:36.663 | INFO     | humanization.user_agents:add:58 - Added user agent to pool: CustomUA/1.0...
2026-03-11 03:16:36.663 | INFO     | humanization.user_agents:reset:80 - Reset user agent pool to defaults
2026-03-11 03:16:36.663 | INFO     | humanization.user_agents:reset:80 - Reset user agent pool to defaults
2026-03-11 03:16:36.663 | DEBUG    | humanization.user_agents:add:55 - User agent already in pool: Mozilla/5.0 (Windows NT 10.0; Win64; x64) AppleWebKit/537.36...
2026-03-11 03:16:36.663 | INFO     | humanization.user_agents:reset:80 - Reset user agent pool to defaults
2026-03-11 03:16:36.664 | INFO     | humanization.user_agents:reset:80 - Reset user agent pool to defaults
2026-03-11 03:16:36.664 | INFO     | humanization.user_agents:clear:73 - Cleared user agent pool
2026-03-11 03:16:36.664 | INFO     | humanization.user_agents:add:58 - Added user agent to pool: CustomUA/1.0...
2026-03-11 03:16:36.664 | INFO     | humanization.user_agents:remove:65 - Removed user agent from pool: CustomUA/1.0...
2026-03-11 03:16:36.664 | INFO     | humanization.user_agents:reset:80 - Reset user agent pool to defaults
2026-03-11 03:16:36.664 | INFO     | humanization.user_agents:reset:80 - Reset user agent pool to defaults
2026-03-11 03:16:36.665 | INFO     | humanization.user_agents:clear:73 - Cleared user agent pool
2026-03-11 03:16:36.665 | INFO     | humanization.user_agents:reset:80 - Reset user agent pool to defaults
2026-03-11 03:16:36.665 | INFO     | humanization.user_agents:reset:80 - Reset user agent pool to defaults
2026-03-11 03:16:36.665 | INFO     | humanization.user_agents:clear:73 - Cleared user agent pool
2026-03-11 03:16:36.665 | INFO     | humanization.user_agents:reset:80 - Reset user agent pool to defaults
2026-03-11 03:16:36.666 | INFO     | humanization.user_agents:reset:80 - Reset user agent pool to defaults
2026-03-11 03:16:36.666 | INFO     | humanization.user_agents:clear:73 - Cleared user agent pool
2026-03-11 03:16:36.666 | INFO     | humanization.user_agents:reset:80 - Reset user agent pool to defaults
2026-03-11 03:16:36.667 | INFO     | humanization.user_agents:reset:80 - Reset user agent pool to defaults
2026-03-11 03:16:36.667 | INFO     | humanization.user_agents:reset:80 - Reset user agent pool to defaults
2026-03-11 03:16:36.669 | INFO     | humanization.user_agents:clear:73 - Cleared user agent pool
2026-03-11 03:16:36.669 | INFO     | humanization.user_agents:add:58 - Added user agent to pool: TestUA/1.0...
2026-03-11 03:16:36.669 | INFO     | humanization.user_agents:add:58 - Added user agent to pool: TestUA/2.0...
2026-03-11 03:16:36.670 | INFO     | humanization.user_agents:save:87 - Saved 2 user agents to /tmp/pytest-of-root/pytest-0/test_save_and_load0/ua.json
2026-03-11 03:16:36.670 | INFO     | humanization.user_agents:clear:73 - Cleared user agent pool
2026-03-11 03:16:36.670 | INFO     | humanization.user_agents:load:99 - Loaded 2 user agents from /tmp/pytest-of-root/pytest-0/test_save_and_load0/ua.json
2026-03-11 03:16:36.670 | INFO     | humanization.user_agents:reset:80 - Reset user agent pool to defaults
2026-03-11 03:16:36.671 | INFO     | humanization.user_agents:reset:80 - Reset user agent pool to defaults
2026-03-11 03:16:36.671 | INFO     | humanization.user_agents:reset:80 - Reset user agent pool to defaults
